Loading networks from "https://nvlabs-fi-cdn.nvidia.com/stylegan2-ada/pretrained/cifar10.pkl"...
Downloading https://nvlabs-fi-cdn.nvidia.com/stylegan2-ada/pretrained/cifar10.pkl ... done
Setting up TensorFlow plugin "fused_bias_act.cu": Loading... Done.
Setting up TensorFlow plugin "upfirdn_2d.cu": Loading... Done.
Generating image for seed 490 (0/21) ...
Generating image for seed 491 (1/21) ...
Generating image for seed 492 (2/21) ...
Generating image for seed 493 (3/21) ...
Generating image for seed 494 (4/21) ...
Generating image for seed 495 (5/21) ...
Generating image for seed 496 (6/21) ...
Generating image for seed 497 (7/21) ...
Generating image for seed 498 (8/21) ...
Generating image for seed 499 (9/21) ...
Generating image for seed 500 (10/21) ...
Generating image for seed 501 (11/21) ...
Generating image for seed 502 (12/21) ...
Generating image for seed 503 (13/21) ...
Generating image for seed 504 (14/21) ...
Generating image for seed 505 (15/21) ...
Generating image for seed 506 (16/21) ...
Generating image for seed 507 (17/21) ...
Generating image for seed 508 (18/21) ...
Generating image for seed 509 (19/21) ...
Generating image for seed 510 (20/21) ...
/software/conda/envs/tensorflow/lib/python3.6/site-packages/tensorflow/python/framework/dtypes.py:516: FutureWarning: Passing (type, 1) or '1type' as a synonym of type is deprecated; in a future version of numpy, it will be understood as (type, (1,)) / '(1,)type'.
  _np_qint8 = np.dtype([("qint8", np.int8, 1)])
/software/conda/envs/tensorflow/lib/python3.6/site-packages/tensorflow/python/framework/dtypes.py:517: FutureWarning: Passing (type, 1) or '1type' as a synonym of type is deprecated; in a future version of numpy, it will be understood as (type, (1,)) / '(1,)type'.
  _np_quint8 = np.dtype([("quint8", np.uint8, 1)])
/software/conda/envs/tensorflow/lib/python3.6/site-packages/tensorflow/python/framework/dtypes.py:518: FutureWarning: Passing (type, 1) or '1type' as a synonym of type is deprecated; in a future version of numpy, it will be understood as (type, (1,)) / '(1,)type'.
  _np_qint16 = np.dtype([("qint16", np.int16, 1)])
/software/conda/envs/tensorflow/lib/python3.6/site-packages/tensorflow/python/framework/dtypes.py:519: FutureWarning: Passing (type, 1) or '1type' as a synonym of type is deprecated; in a future version of numpy, it will be understood as (type, (1,)) / '(1,)type'.
  _np_quint16 = np.dtype([("quint16", np.uint16, 1)])
/software/conda/envs/tensorflow/lib/python3.6/site-packages/tensorflow/python/framework/dtypes.py:520: FutureWarning: Passing (type, 1) or '1type' as a synonym of type is deprecated; in a future version of numpy, it will be understood as (type, (1,)) / '(1,)type'.
  _np_qint32 = np.dtype([("qint32", np.int32, 1)])
/software/conda/envs/tensorflow/lib/python3.6/site-packages/tensorflow/python/framework/dtypes.py:525: FutureWarning: Passing (type, 1) or '1type' as a synonym of type is deprecated; in a future version of numpy, it will be understood as (type, (1,)) / '(1,)type'.
  np_resource = np.dtype([("resource", np.ubyte, 1)])
/software/conda/envs/tensorflow/lib/python3.6/site-packages/tensorboard/compat/tensorflow_stub/dtypes.py:541: FutureWarning: Passing (type, 1) or '1type' as a synonym of type is deprecated; in a future version of numpy, it will be understood as (type, (1,)) / '(1,)type'.
  _np_qint8 = np.dtype([("qint8", np.int8, 1)])
/software/conda/envs/tensorflow/lib/python3.6/site-packages/tensorboard/compat/tensorflow_stub/dtypes.py:542: FutureWarning: Passing (type, 1) or '1type' as a synonym of type is deprecated; in a future version of numpy, it will be understood as (type, (1,)) / '(1,)type'.
  _np_quint8 = np.dtype([("quint8", np.uint8, 1)])
/software/conda/envs/tensorflow/lib/python3.6/site-packages/tensorboard/compat/tensorflow_stub/dtypes.py:543: FutureWarning: Passing (type, 1) or '1type' as a synonym of type is deprecated; in a future version of numpy, it will be understood as (type, (1,)) / '(1,)type'.
  _np_qint16 = np.dtype([("qint16", np.int16, 1)])
/software/conda/envs/tensorflow/lib/python3.6/site-packages/tensorboard/compat/tensorflow_stub/dtypes.py:544: FutureWarning: Passing (type, 1) or '1type' as a synonym of type is deprecated; in a future version of numpy, it will be understood as (type, (1,)) / '(1,)type'.
  _np_quint16 = np.dtype([("quint16", np.uint16, 1)])
/software/conda/envs/tensorflow/lib/python3.6/site-packages/tensorboard/compat/tensorflow_stub/dtypes.py:545: FutureWarning: Passing (type, 1) or '1type' as a synonym of type is deprecated; in a future version of numpy, it will be understood as (type, (1,)) / '(1,)type'.
  _np_qint32 = np.dtype([("qint32", np.int32, 1)])
/software/conda/envs/tensorflow/lib/python3.6/site-packages/tensorboard/compat/tensorflow_stub/dtypes.py:550: FutureWarning: Passing (type, 1) or '1type' as a synonym of type is deprecated; in a future version of numpy, it will be understood as (type, (1,)) / '(1,)type'.
  np_resource = np.dtype([("resource", np.ubyte, 1)])
Loading networks from "https://nvlabs-fi-cdn.nvidia.com/stylegan2-ada/pretrained/afhqdog.pkl"...
Setting up TensorFlow plugin "fused_bias_act.cu": Loading... Done.
Setting up TensorFlow plugin "upfirdn_2d.cu": Loading... Done.
Generating image for seed 490 (0/21) ...
Generating image for seed 491 (1/21) ...
Generating image for seed 492 (2/21) ...
Generating image for seed 493 (3/21) ...
Generating image for seed 494 (4/21) ...
Generating image for seed 495 (5/21) ...
Generating image for seed 496 (6/21) ...
Generating image for seed 497 (7/21) ...
Generating image for seed 498 (8/21) ...
Generating image for seed 499 (9/21) ...
Generating image for seed 500 (10/21) ...
Generating image for seed 501 (11/21) ...
Generating image for seed 502 (12/21) ...
Generating image for seed 503 (13/21) ...
Generating image for seed 504 (14/21) ...
Generating image for seed 505 (15/21) ...
Generating image for seed 506 (16/21) ...
Generating image for seed 507 (17/21) ...
Generating image for seed 508 (18/21) ...
Generating image for seed 509 (19/21) ...
Generating image for seed 510 (20/21) ...
/software/conda/envs/tensorflow/lib/python3.6/site-packages/tensorflow/python/framework/dtypes.py:516: FutureWarning: Passing (type, 1) or '1type' as a synonym of type is deprecated; in a future version of numpy, it will be understood as (type, (1,)) / '(1,)type'.
  _np_qint8 = np.dtype([("qint8", np.int8, 1)])
/software/conda/envs/tensorflow/lib/python3.6/site-packages/tensorflow/python/framework/dtypes.py:517: FutureWarning: Passing (type, 1) or '1type' as a synonym of type is deprecated; in a future version of numpy, it will be understood as (type, (1,)) / '(1,)type'.
  _np_quint8 = np.dtype([("quint8", np.uint8, 1)])
/software/conda/envs/tensorflow/lib/python3.6/site-packages/tensorflow/python/framework/dtypes.py:518: FutureWarning: Passing (type, 1) or '1type' as a synonym of type is deprecated; in a future version of numpy, it will be understood as (type, (1,)) / '(1,)type'.
  _np_qint16 = np.dtype([("qint16", np.int16, 1)])
/software/conda/envs/tensorflow/lib/python3.6/site-packages/tensorflow/python/framework/dtypes.py:519: FutureWarning: Passing (type, 1) or '1type' as a synonym of type is deprecated; in a future version of numpy, it will be understood as (type, (1,)) / '(1,)type'.
  _np_quint16 = np.dtype([("quint16", np.uint16, 1)])
/software/conda/envs/tensorflow/lib/python3.6/site-packages/tensorflow/python/framework/dtypes.py:520: FutureWarning: Passing (type, 1) or '1type' as a synonym of type is deprecated; in a future version of numpy, it will be understood as (type, (1,)) / '(1,)type'.
  _np_qint32 = np.dtype([("qint32", np.int32, 1)])
/software/conda/envs/tensorflow/lib/python3.6/site-packages/tensorflow/python/framework/dtypes.py:525: FutureWarning: Passing (type, 1) or '1type' as a synonym of type is deprecated; in a future version of numpy, it will be understood as (type, (1,)) / '(1,)type'.
  np_resource = np.dtype([("resource", np.ubyte, 1)])
/software/conda/envs/tensorflow/lib/python3.6/site-packages/tensorboard/compat/tensorflow_stub/dtypes.py:541: FutureWarning: Passing (type, 1) or '1type' as a synonym of type is deprecated; in a future version of numpy, it will be understood as (type, (1,)) / '(1,)type'.
  _np_qint8 = np.dtype([("qint8", np.int8, 1)])
/software/conda/envs/tensorflow/lib/python3.6/site-packages/tensorboard/compat/tensorflow_stub/dtypes.py:542: FutureWarning: Passing (type, 1) or '1type' as a synonym of type is deprecated; in a future version of numpy, it will be understood as (type, (1,)) / '(1,)type'.
  _np_quint8 = np.dtype([("quint8", np.uint8, 1)])
/software/conda/envs/tensorflow/lib/python3.6/site-packages/tensorboard/compat/tensorflow_stub/dtypes.py:543: FutureWarning: Passing (type, 1) or '1type' as a synonym of type is deprecated; in a future version of numpy, it will be understood as (type, (1,)) / '(1,)type'.
  _np_qint16 = np.dtype([("qint16", np.int16, 1)])
/software/conda/envs/tensorflow/lib/python3.6/site-packages/tensorboard/compat/tensorflow_stub/dtypes.py:544: FutureWarning: Passing (type, 1) or '1type' as a synonym of type is deprecated; in a future version of numpy, it will be understood as (type, (1,)) / '(1,)type'.
  _np_quint16 = np.dtype([("quint16", np.uint16, 1)])
/software/conda/envs/tensorflow/lib/python3.6/site-packages/tensorboard/compat/tensorflow_stub/dtypes.py:545: FutureWarning: Passing (type, 1) or '1type' as a synonym of type is deprecated; in a future version of numpy, it will be understood as (type, (1,)) / '(1,)type'.
  _np_qint32 = np.dtype([("qint32", np.int32, 1)])
/software/conda/envs/tensorflow/lib/python3.6/site-packages/tensorboard/compat/tensorflow_stub/dtypes.py:550: FutureWarning: Passing (type, 1) or '1type' as a synonym of type is deprecated; in a future version of numpy, it will be understood as (type, (1,)) / '(1,)type'.
  np_resource = np.dtype([("resource", np.ubyte, 1)])
Loading networks from "https://nvlabs-fi-cdn.nvidia.com/stylegan2-ada/pretrained/metfaces.pkl"...
Setting up TensorFlow plugin "fused_bias_act.cu": Loading... Done.
Setting up TensorFlow plugin "upfirdn_2d.cu": Loading... Done.
Generating image for seed 490 (0/21) ...
Generating image for seed 491 (1/21) ...
Generating image for seed 492 (2/21) ...
Generating image for seed 493 (3/21) ...
Generating image for seed 494 (4/21) ...
Generating image for seed 495 (5/21) ...
Generating image for seed 496 (6/21) ...
Generating image for seed 497 (7/21) ...
Generating image for seed 498 (8/21) ...
Generating image for seed 499 (9/21) ...
Generating image for seed 500 (10/21) ...
Generating image for seed 501 (11/21) ...
Generating image for seed 502 (12/21) ...
Generating image for seed 503 (13/21) ...
Generating image for seed 504 (14/21) ...
Generating image for seed 505 (15/21) ...
Generating image for seed 506 (16/21) ...
Generating image for seed 507 (17/21) ...
Generating image for seed 508 (18/21) ...
Generating image for seed 509 (19/21) ...
Generating image for seed 510 (20/21) ...
/software/conda/envs/tensorflow/lib/python3.6/site-packages/tensorflow/python/framework/dtypes.py:516: FutureWarning: Passing (type, 1) or '1type' as a synonym of type is deprecated; in a future version of numpy, it will be understood as (type, (1,)) / '(1,)type'.
  _np_qint8 = np.dtype([("qint8", np.int8, 1)])
/software/conda/envs/tensorflow/lib/python3.6/site-packages/tensorflow/python/framework/dtypes.py:517: FutureWarning: Passing (type, 1) or '1type' as a synonym of type is deprecated; in a future version of numpy, it will be understood as (type, (1,)) / '(1,)type'.
  _np_quint8 = np.dtype([("quint8", np.uint8, 1)])
/software/conda/envs/tensorflow/lib/python3.6/site-packages/tensorflow/python/framework/dtypes.py:518: FutureWarning: Passing (type, 1) or '1type' as a synonym of type is deprecated; in a future version of numpy, it will be understood as (type, (1,)) / '(1,)type'.
  _np_qint16 = np.dtype([("qint16", np.int16, 1)])
/software/conda/envs/tensorflow/lib/python3.6/site-packages/tensorflow/python/framework/dtypes.py:519: FutureWarning: Passing (type, 1) or '1type' as a synonym of type is deprecated; in a future version of numpy, it will be understood as (type, (1,)) / '(1,)type'.
  _np_quint16 = np.dtype([("quint16", np.uint16, 1)])
/software/conda/envs/tensorflow/lib/python3.6/site-packages/tensorflow/python/framework/dtypes.py:520: FutureWarning: Passing (type, 1) or '1type' as a synonym of type is deprecated; in a future version of numpy, it will be understood as (type, (1,)) / '(1,)type'.
  _np_qint32 = np.dtype([("qint32", np.int32, 1)])
/software/conda/envs/tensorflow/lib/python3.6/site-packages/tensorflow/python/framework/dtypes.py:525: FutureWarning: Passing (type, 1) or '1type' as a synonym of type is deprecated; in a future version of numpy, it will be understood as (type, (1,)) / '(1,)type'.
  np_resource = np.dtype([("resource", np.ubyte, 1)])
/software/conda/envs/tensorflow/lib/python3.6/site-packages/tensorboard/compat/tensorflow_stub/dtypes.py:541: FutureWarning: Passing (type, 1) or '1type' as a synonym of type is deprecated; in a future version of numpy, it will be understood as (type, (1,)) / '(1,)type'.
  _np_qint8 = np.dtype([("qint8", np.int8, 1)])
/software/conda/envs/tensorflow/lib/python3.6/site-packages/tensorboard/compat/tensorflow_stub/dtypes.py:542: FutureWarning: Passing (type, 1) or '1type' as a synonym of type is deprecated; in a future version of numpy, it will be understood as (type, (1,)) / '(1,)type'.
  _np_quint8 = np.dtype([("quint8", np.uint8, 1)])
/software/conda/envs/tensorflow/lib/python3.6/site-packages/tensorboard/compat/tensorflow_stub/dtypes.py:543: FutureWarning: Passing (type, 1) or '1type' as a synonym of type is deprecated; in a future version of numpy, it will be understood as (type, (1,)) / '(1,)type'.
  _np_qint16 = np.dtype([("qint16", np.int16, 1)])
/software/conda/envs/tensorflow/lib/python3.6/site-packages/tensorboard/compat/tensorflow_stub/dtypes.py:544: FutureWarning: Passing (type, 1) or '1type' as a synonym of type is deprecated; in a future version of numpy, it will be understood as (type, (1,)) / '(1,)type'.
  _np_quint16 = np.dtype([("quint16", np.uint16, 1)])
/software/conda/envs/tensorflow/lib/python3.6/site-packages/tensorboard/compat/tensorflow_stub/dtypes.py:545: FutureWarning: Passing (type, 1) or '1type' as a synonym of type is deprecated; in a future version of numpy, it will be understood as (type, (1,)) / '(1,)type'.
  _np_qint32 = np.dtype([("qint32", np.int32, 1)])
/software/conda/envs/tensorflow/lib/python3.6/site-packages/tensorboard/compat/tensorflow_stub/dtypes.py:550: FutureWarning: Passing (type, 1) or '1type' as a synonym of type is deprecated; in a future version of numpy, it will be understood as (type, (1,)) / '(1,)type'.
  np_resource = np.dtype([("resource", np.ubyte, 1)])
Loading networks from "https://nvlabs-fi-cdn.nvidia.com/stylegan2-ada/pretrained/ffhq.pkl"...
Downloading https://nvlabs-fi-cdn.nvidia.com/stylegan2-ada/pretrained/ffhq.pkl ... done
Setting up TensorFlow plugin "fused_bias_act.cu": Loading... Done.
Setting up TensorFlow plugin "upfirdn_2d.cu": Loading... Done.
Generating image for seed 490 (0/21) ...
Generating image for seed 491 (1/21) ...
Generating image for seed 492 (2/21) ...
Generating image for seed 493 (3/21) ...
Generating image for seed 494 (4/21) ...
Generating image for seed 495 (5/21) ...
Generating image for seed 496 (6/21) ...
Generating image for seed 497 (7/21) ...
Generating image for seed 498 (8/21) ...
Generating image for seed 499 (9/21) ...
Generating image for seed 500 (10/21) ...
Generating image for seed 501 (11/21) ...
Generating image for seed 502 (12/21) ...
Generating image for seed 503 (13/21) ...
Generating image for seed 504 (14/21) ...
Generating image for seed 505 (15/21) ...
Generating image for seed 506 (16/21) ...
Generating image for seed 507 (17/21) ...
Generating image for seed 508 (18/21) ...
Generating image for seed 509 (19/21) ...
Generating image for seed 510 (20/21) ...
2020-11-07 13:56:11.327779: E tensorflow/stream_executor/cuda/cuda_driver.cc:828] failed to allocate 4.00G (4294967296 bytes) from device: CUDA_ERROR_OUT_OF_MEMORY: out of memory
2020-11-07 13:56:11.329447: E tensorflow/stream_executor/cuda/cuda_driver.cc:828] failed to allocate 3.60G (3865470464 bytes) from device: CUDA_ERROR_OUT_OF_MEMORY: out of memory
2020-11-07 13:56:11.331117: E tensorflow/stream_executor/cuda/cuda_driver.cc:828] failed to allocate 3.24G (3478923264 bytes) from device: CUDA_ERROR_OUT_OF_MEMORY: out of memory
2020-11-07 13:56:11.332735: E tensorflow/stream_executor/cuda/cuda_driver.cc:828] failed to allocate 2.92G (3131030784 bytes) from device: CUDA_ERROR_OUT_OF_MEMORY: out of memory
/software/conda/envs/tensorflow/lib/python3.6/site-packages/tensorflow/python/framework/dtypes.py:516: FutureWarning: Passing (type, 1) or '1type' as a synonym of type is deprecated; in a future version of numpy, it will be understood as (type, (1,)) / '(1,)type'.
  _np_qint8 = np.dtype([("qint8", np.int8, 1)])
/software/conda/envs/tensorflow/lib/python3.6/site-packages/tensorflow/python/framework/dtypes.py:517: FutureWarning: Passing (type, 1) or '1type' as a synonym of type is deprecated; in a future version of numpy, it will be understood as (type, (1,)) / '(1,)type'.
  _np_quint8 = np.dtype([("quint8", np.uint8, 1)])
/software/conda/envs/tensorflow/lib/python3.6/site-packages/tensorflow/python/framework/dtypes.py:518: FutureWarning: Passing (type, 1) or '1type' as a synonym of type is deprecated; in a future version of numpy, it will be understood as (type, (1,)) / '(1,)type'.
  _np_qint16 = np.dtype([("qint16", np.int16, 1)])
/software/conda/envs/tensorflow/lib/python3.6/site-packages/tensorflow/python/framework/dtypes.py:519: FutureWarning: Passing (type, 1) or '1type' as a synonym of type is deprecated; in a future version of numpy, it will be understood as (type, (1,)) / '(1,)type'.
  _np_quint16 = np.dtype([("quint16", np.uint16, 1)])
/software/conda/envs/tensorflow/lib/python3.6/site-packages/tensorflow/python/framework/dtypes.py:520: FutureWarning: Passing (type, 1) or '1type' as a synonym of type is deprecated; in a future version of numpy, it will be understood as (type, (1,)) / '(1,)type'.
  _np_qint32 = np.dtype([("qint32", np.int32, 1)])
/software/conda/envs/tensorflow/lib/python3.6/site-packages/tensorflow/python/framework/dtypes.py:525: FutureWarning: Passing (type, 1) or '1type' as a synonym of type is deprecated; in a future version of numpy, it will be understood as (type, (1,)) / '(1,)type'.
  np_resource = np.dtype([("resource", np.ubyte, 1)])
/software/conda/envs/tensorflow/lib/python3.6/site-packages/tensorboard/compat/tensorflow_stub/dtypes.py:541: FutureWarning: Passing (type, 1) or '1type' as a synonym of type is deprecated; in a future version of numpy, it will be understood as (type, (1,)) / '(1,)type'.
  _np_qint8 = np.dtype([("qint8", np.int8, 1)])
/software/conda/envs/tensorflow/lib/python3.6/site-packages/tensorboard/compat/tensorflow_stub/dtypes.py:542: FutureWarning: Passing (type, 1) or '1type' as a synonym of type is deprecated; in a future version of numpy, it will be understood as (type, (1,)) / '(1,)type'.
  _np_quint8 = np.dtype([("quint8", np.uint8, 1)])
/software/conda/envs/tensorflow/lib/python3.6/site-packages/tensorboard/compat/tensorflow_stub/dtypes.py:543: FutureWarning: Passing (type, 1) or '1type' as a synonym of type is deprecated; in a future version of numpy, it will be understood as (type, (1,)) / '(1,)type'.
  _np_qint16 = np.dtype([("qint16", np.int16, 1)])
/software/conda/envs/tensorflow/lib/python3.6/site-packages/tensorboard/compat/tensorflow_stub/dtypes.py:544: FutureWarning: Passing (type, 1) or '1type' as a synonym of type is deprecated; in a future version of numpy, it will be understood as (type, (1,)) / '(1,)type'.
  _np_quint16 = np.dtype([("quint16", np.uint16, 1)])
/software/conda/envs/tensorflow/lib/python3.6/site-packages/tensorboard/compat/tensorflow_stub/dtypes.py:545: FutureWarning: Passing (type, 1) or '1type' as a synonym of type is deprecated; in a future version of numpy, it will be understood as (type, (1,)) / '(1,)type'.
  _np_qint32 = np.dtype([("qint32", np.int32, 1)])
/software/conda/envs/tensorflow/lib/python3.6/site-packages/tensorboard/compat/tensorflow_stub/dtypes.py:550: FutureWarning: Passing (type, 1) or '1type' as a synonym of type is deprecated; in a future version of numpy, it will be understood as (type, (1,)) / '(1,)type'.
  np_resource = np.dtype([("resource", np.ubyte, 1)])
Loading networks from "https://nvlabs-fi-cdn.nvidia.com/stylegan2-ada/pretrained/afhqcat.pkl"...
Downloading https://nvlabs-fi-cdn.nvidia.com/stylegan2-ada/pretrained/afhqcat.pkl ... done
Setting up TensorFlow plugin "fused_bias_act.cu": Loading... Done.
Setting up TensorFlow plugin "upfirdn_2d.cu": Loading... Done.
Generating image for seed 490 (0/21) ...
Generating image for seed 491 (1/21) ...
Generating image for seed 492 (2/21) ...
Generating image for seed 493 (3/21) ...
Generating image for seed 494 (4/21) ...
Generating image for seed 495 (5/21) ...
Generating image for seed 496 (6/21) ...
Generating image for seed 497 (7/21) ...
Generating image for seed 498 (8/21) ...
Generating image for seed 499 (9/21) ...
Generating image for seed 500 (10/21) ...
Generating image for seed 501 (11/21) ...
Generating image for seed 502 (12/21) ...
Generating image for seed 503 (13/21) ...
Generating image for seed 504 (14/21) ...
Generating image for seed 505 (15/21) ...
Generating image for seed 506 (16/21) ...
Generating image for seed 507 (17/21) ...
Generating image for seed 508 (18/21) ...
Generating image for seed 509 (19/21) ...
Generating image for seed 510 (20/21) ...
2020-11-07 13:56:30.405030: E tensorflow/stream_executor/cuda/cuda_driver.cc:828] failed to allocate 4.00G (4294967296 bytes) from device: CUDA_ERROR_OUT_OF_MEMORY: out of memory
2020-11-07 13:56:30.406830: E tensorflow/stream_executor/cuda/cuda_driver.cc:828] failed to allocate 3.60G (3865470464 bytes) from device: CUDA_ERROR_OUT_OF_MEMORY: out of memory
/software/conda/envs/tensorflow/lib/python3.6/site-packages/tensorflow/python/framework/dtypes.py:516: FutureWarning: Passing (type, 1) or '1type' as a synonym of type is deprecated; in a future version of numpy, it will be understood as (type, (1,)) / '(1,)type'.
  _np_qint8 = np.dtype([("qint8", np.int8, 1)])
/software/conda/envs/tensorflow/lib/python3.6/site-packages/tensorflow/python/framework/dtypes.py:517: FutureWarning: Passing (type, 1) or '1type' as a synonym of type is deprecated; in a future version of numpy, it will be understood as (type, (1,)) / '(1,)type'.
  _np_quint8 = np.dtype([("quint8", np.uint8, 1)])
/software/conda/envs/tensorflow/lib/python3.6/site-packages/tensorflow/python/framework/dtypes.py:518: FutureWarning: Passing (type, 1) or '1type' as a synonym of type is deprecated; in a future version of numpy, it will be understood as (type, (1,)) / '(1,)type'.
  _np_qint16 = np.dtype([("qint16", np.int16, 1)])
/software/conda/envs/tensorflow/lib/python3.6/site-packages/tensorflow/python/framework/dtypes.py:519: FutureWarning: Passing (type, 1) or '1type' as a synonym of type is deprecated; in a future version of numpy, it will be understood as (type, (1,)) / '(1,)type'.
  _np_quint16 = np.dtype([("quint16", np.uint16, 1)])
/software/conda/envs/tensorflow/lib/python3.6/site-packages/tensorflow/python/framework/dtypes.py:520: FutureWarning: Passing (type, 1) or '1type' as a synonym of type is deprecated; in a future version of numpy, it will be understood as (type, (1,)) / '(1,)type'.
  _np_qint32 = np.dtype([("qint32", np.int32, 1)])
/software/conda/envs/tensorflow/lib/python3.6/site-packages/tensorflow/python/framework/dtypes.py:525: FutureWarning: Passing (type, 1) or '1type' as a synonym of type is deprecated; in a future version of numpy, it will be understood as (type, (1,)) / '(1,)type'.
  np_resource = np.dtype([("resource", np.ubyte, 1)])
/software/conda/envs/tensorflow/lib/python3.6/site-packages/tensorboard/compat/tensorflow_stub/dtypes.py:541: FutureWarning: Passing (type, 1) or '1type' as a synonym of type is deprecated; in a future version of numpy, it will be understood as (type, (1,)) / '(1,)type'.
  _np_qint8 = np.dtype([("qint8", np.int8, 1)])
/software/conda/envs/tensorflow/lib/python3.6/site-packages/tensorboard/compat/tensorflow_stub/dtypes.py:542: FutureWarning: Passing (type, 1) or '1type' as a synonym of type is deprecated; in a future version of numpy, it will be understood as (type, (1,)) / '(1,)type'.
  _np_quint8 = np.dtype([("quint8", np.uint8, 1)])
/software/conda/envs/tensorflow/lib/python3.6/site-packages/tensorboard/compat/tensorflow_stub/dtypes.py:543: FutureWarning: Passing (type, 1) or '1type' as a synonym of type is deprecated; in a future version of numpy, it will be understood as (type, (1,)) / '(1,)type'.
  _np_qint16 = np.dtype([("qint16", np.int16, 1)])
/software/conda/envs/tensorflow/lib/python3.6/site-packages/tensorboard/compat/tensorflow_stub/dtypes.py:544: FutureWarning: Passing (type, 1) or '1type' as a synonym of type is deprecated; in a future version of numpy, it will be understood as (type, (1,)) / '(1,)type'.
  _np_quint16 = np.dtype([("quint16", np.uint16, 1)])
/software/conda/envs/tensorflow/lib/python3.6/site-packages/tensorboard/compat/tensorflow_stub/dtypes.py:545: FutureWarning: Passing (type, 1) or '1type' as a synonym of type is deprecated; in a future version of numpy, it will be understood as (type, (1,)) / '(1,)type'.
  _np_qint32 = np.dtype([("qint32", np.int32, 1)])
/software/conda/envs/tensorflow/lib/python3.6/site-packages/tensorboard/compat/tensorflow_stub/dtypes.py:550: FutureWarning: Passing (type, 1) or '1type' as a synonym of type is deprecated; in a future version of numpy, it will be understood as (type, (1,)) / '(1,)type'.
  np_resource = np.dtype([("resource", np.ubyte, 1)])
Loading networks from "https://nvlabs-fi-cdn.nvidia.com/stylegan2-ada/pretrained/afhqwild.pkl"...
Downloading https://nvlabs-fi-cdn.nvidia.com/stylegan2-ada/pretrained/afhqwild.pkl ... done
Setting up TensorFlow plugin "fused_bias_act.cu": Loading... Done.
Setting up TensorFlow plugin "upfirdn_2d.cu": Loading... Done.
Generating image for seed 490 (0/21) ...
Generating image for seed 491 (1/21) ...
Generating image for seed 492 (2/21) ...
Generating image for seed 493 (3/21) ...
Generating image for seed 494 (4/21) ...
Generating image for seed 495 (5/21) ...
Generating image for seed 496 (6/21) ...
Generating image for seed 497 (7/21) ...
Generating image for seed 498 (8/21) ...
Generating image for seed 499 (9/21) ...
Generating image for seed 500 (10/21) ...
Generating image for seed 501 (11/21) ...
Generating image for seed 502 (12/21) ...
Generating image for seed 503 (13/21) ...
Generating image for seed 504 (14/21) ...
Generating image for seed 505 (15/21) ...
Generating image for seed 506 (16/21) ...
Generating image for seed 507 (17/21) ...
Generating image for seed 508 (18/21) ...
Generating image for seed 509 (19/21) ...
Generating image for seed 510 (20/21) ...
2020-11-07 13:56:30.829698: E tensorflow/stream_executor/cuda/cuda_driver.cc:828] failed to allocate 1.00G (1073741824 bytes) from device: CUDA_ERROR_OUT_OF_MEMORY: out of memory
2020-11-07 13:56:30.831265: E tensorflow/stream_executor/cuda/cuda_driver.cc:828] failed to allocate 921.60M (966367744 bytes) from device: CUDA_ERROR_OUT_OF_MEMORY: out of memory
2020-11-07 13:56:30.832744: E tensorflow/stream_executor/cuda/cuda_driver.cc:828] failed to allocate 829.44M (869731072 bytes) from device: CUDA_ERROR_OUT_OF_MEMORY: out of memory
2020-11-07 13:56:30.834257: E tensorflow/stream_executor/cuda/cuda_driver.cc:828] failed to allocate 746.50M (782758144 bytes) from device: CUDA_ERROR_OUT_OF_MEMORY: out of memory
2020-11-07 13:56:30.835742: E tensorflow/stream_executor/cuda/cuda_driver.cc:828] failed to allocate 671.85M (704482304 bytes) from device: CUDA_ERROR_OUT_OF_MEMORY: out of memory
2020-11-07 13:56:30.837341: E tensorflow/stream_executor/cuda/cuda_driver.cc:828] failed to allocate 604.66M (634034176 bytes) from device: CUDA_ERROR_OUT_OF_MEMORY: out of memory
2020-11-07 13:56:30.837373: W tensorflow/core/common_runtime/bfc_allocator.cc:237] Allocator (GPU_0_bfc) ran out of memory trying to allocate 586.12MiB with freed_by_count=0. The caller indicates that this is not a failure, but may mean that there could be performance gains if more memory were available.
2020-11-07 13:56:30.840047: E tensorflow/stream_executor/cuda/cuda_driver.cc:828] failed to allocate 1.00G (1073741824 bytes) from device: CUDA_ERROR_OUT_OF_MEMORY: out of memory
2020-11-07 13:56:30.840068: W tensorflow/core/common_runtime/bfc_allocator.cc:237] Allocator (GPU_0_bfc) ran out of memory trying to allocate 586.12MiB with freed_by_count=0. The caller indicates that this is not a failure, but may mean that there could be performance gains if more memory were available.
2020-11-07 13:56:30.844897: E tensorflow/stream_executor/cuda/cuda_driver.cc:828] failed to allocate 2.00G (2147483648 bytes) from device: CUDA_ERROR_OUT_OF_MEMORY: out of memory
2020-11-07 13:56:30.844933: W tensorflow/core/common_runtime/bfc_allocator.cc:237] Allocator (GPU_0_bfc) ran out of memory trying to allocate 1.07GiB with freed_by_count=0. The caller indicates that this is not a failure, but may mean that there could be performance gains if more memory were available.
2020-11-07 13:56:30.853834: E tensorflow/stream_executor/cuda/cuda_driver.cc:828] failed to allocate 2.00G (2147483648 bytes) from device: CUDA_ERROR_OUT_OF_MEMORY: out of memory
2020-11-07 13:56:30.853873: W tensorflow/core/common_runtime/bfc_allocator.cc:237] Allocator (GPU_0_bfc) ran out of memory trying to allocate 1.07GiB with freed_by_count=0. The caller indicates that this is not a failure, but may mean that there could be performance gains if more memory were available.
2020-11-07 13:56:30.891158: E tensorflow/stream_executor/cuda/cuda_driver.cc:828] failed to allocate 2.00G (2147483648 bytes) from device: CUDA_ERROR_OUT_OF_MEMORY: out of memory
2020-11-07 13:56:30.891206: W tensorflow/core/common_runtime/bfc_allocator.cc:237] Allocator (GPU_0_bfc) ran out of memory trying to allocate 1.07GiB with freed_by_count=0. The caller indicates that this is not a failure, but may mean that there could be performance gains if more memory were available.
2020-11-07 13:56:30.892711: E tensorflow/stream_executor/cuda/cuda_driver.cc:828] failed to allocate 2.00G (2147483648 bytes) from device: CUDA_ERROR_OUT_OF_MEMORY: out of memory
2020-11-07 13:56:30.892731: W tensorflow/core/common_runtime/bfc_allocator.cc:237] Allocator (GPU_0_bfc) ran out of memory trying to allocate 1.07GiB with freed_by_count=0. The caller indicates that this is not a failure, but may mean that there could be performance gains if more memory were available.
2020-11-07 13:56:30.908481: E tensorflow/stream_executor/cuda/cuda_driver.cc:828] failed to allocate 2.00G (2147483648 bytes) from device: CUDA_ERROR_OUT_OF_MEMORY: out of memory
2020-11-07 13:56:30.908532: W tensorflow/core/common_runtime/bfc_allocator.cc:237] Allocator (GPU_0_bfc) ran out of memory trying to allocate 586.12MiB with freed_by_count=0. The caller indicates that this is not a failure, but may mean that there could be performance gains if more memory were available.
2020-11-07 13:56:30.910078: E tensorflow/stream_executor/cuda/cuda_driver.cc:828] failed to allocate 2.00G (2147483648 bytes) from device: CUDA_ERROR_OUT_OF_MEMORY: out of memory
2020-11-07 13:56:30.910100: W tensorflow/core/common_runtime/bfc_allocator.cc:237] Allocator (GPU_0_bfc) ran out of memory trying to allocate 586.12MiB with freed_by_count=0. The caller indicates that this is not a failure, but may mean that there could be performance gains if more memory were available.
2020-11-07 13:56:30.914727: E tensorflow/stream_executor/cuda/cuda_driver.cc:828] failed to allocate 2.00G (2147483648 bytes) from device: CUDA_ERROR_OUT_OF_MEMORY: out of memory
2020-11-07 13:56:30.914751: W tensorflow/core/common_runtime/bfc_allocator.cc:237] Allocator (GPU_0_bfc) ran out of memory trying to allocate 1.07GiB with freed_by_count=0. The caller indicates that this is not a failure, but may mean that there could be performance gains if more memory were available.
2020-11-07 13:56:30.916249: E tensorflow/stream_executor/cuda/cuda_driver.cc:828] failed to allocate 2.00G (2147483648 bytes) from device: CUDA_ERROR_OUT_OF_MEMORY: out of memory
2020-11-07 13:56:30.916264: W tensorflow/core/common_runtime/bfc_allocator.cc:237] Allocator (GPU_0_bfc) ran out of memory trying to allocate 1.07GiB with freed_by_count=0. The caller indicates that this is not a failure, but may mean that there could be performance gains if more memory were available.
2020-11-07 13:56:30.955035: E tensorflow/stream_executor/cuda/cuda_driver.cc:828] failed to allocate 2.00G (2147483648 bytes) from device: CUDA_ERROR_OUT_OF_MEMORY: out of memory
2020-11-07 13:56:30.956585: E tensorflow/stream_executor/cuda/cuda_driver.cc:828] failed to allocate 2.00G (2147483648 bytes) from device: CUDA_ERROR_OUT_OF_MEMORY: out of memory
2020-11-07 13:56:30.970726: E tensorflow/stream_executor/cuda/cuda_driver.cc:828] failed to allocate 4.00G (4294967296 bytes) from device: CUDA_ERROR_OUT_OF_MEMORY: out of memory
2020-11-07 13:56:30.972238: E tensorflow/stream_executor/cuda/cuda_driver.cc:828] failed to allocate 4.00G (4294967296 bytes) from device: CUDA_ERROR_OUT_OF_MEMORY: out of memory
2020-11-07 13:56:30.976747: E tensorflow/stream_executor/cuda/cuda_driver.cc:828] failed to allocate 4.00G (4294967296 bytes) from device: CUDA_ERROR_OUT_OF_MEMORY: out of memory
2020-11-07 13:56:30.978273: E tensorflow/stream_executor/cuda/cuda_driver.cc:828] failed to allocate 4.00G (4294967296 bytes) from device: CUDA_ERROR_OUT_OF_MEMORY: out of memory
2020-11-07 13:56:31.014815: E tensorflow/stream_executor/cuda/cuda_driver.cc:828] failed to allocate 4.00G (4294967296 bytes) from device: CUDA_ERROR_OUT_OF_MEMORY: out of memory
2020-11-07 13:56:31.016365: E tensorflow/stream_executor/cuda/cuda_driver.cc:828] failed to allocate 4.00G (4294967296 bytes) from device: CUDA_ERROR_OUT_OF_MEMORY: out of memory
/software/conda/envs/tensorflow/lib/python3.6/site-packages/tensorflow/python/framework/dtypes.py:516: FutureWarning: Passing (type, 1) or '1type' as a synonym of type is deprecated; in a future version of numpy, it will be understood as (type, (1,)) / '(1,)type'.
  _np_qint8 = np.dtype([("qint8", np.int8, 1)])
/software/conda/envs/tensorflow/lib/python3.6/site-packages/tensorflow/python/framework/dtypes.py:517: FutureWarning: Passing (type, 1) or '1type' as a synonym of type is deprecated; in a future version of numpy, it will be understood as (type, (1,)) / '(1,)type'.
  _np_quint8 = np.dtype([("quint8", np.uint8, 1)])
/software/conda/envs/tensorflow/lib/python3.6/site-packages/tensorflow/python/framework/dtypes.py:518: FutureWarning: Passing (type, 1) or '1type' as a synonym of type is deprecated; in a future version of numpy, it will be understood as (type, (1,)) / '(1,)type'.
  _np_qint16 = np.dtype([("qint16", np.int16, 1)])
/software/conda/envs/tensorflow/lib/python3.6/site-packages/tensorflow/python/framework/dtypes.py:519: FutureWarning: Passing (type, 1) or '1type' as a synonym of type is deprecated; in a future version of numpy, it will be understood as (type, (1,)) / '(1,)type'.
  _np_quint16 = np.dtype([("quint16", np.uint16, 1)])
/software/conda/envs/tensorflow/lib/python3.6/site-packages/tensorflow/python/framework/dtypes.py:520: FutureWarning: Passing (type, 1) or '1type' as a synonym of type is deprecated; in a future version of numpy, it will be understood as (type, (1,)) / '(1,)type'.
  _np_qint32 = np.dtype([("qint32", np.int32, 1)])
/software/conda/envs/tensorflow/lib/python3.6/site-packages/tensorflow/python/framework/dtypes.py:525: FutureWarning: Passing (type, 1) or '1type' as a synonym of type is deprecated; in a future version of numpy, it will be understood as (type, (1,)) / '(1,)type'.
  np_resource = np.dtype([("resource", np.ubyte, 1)])
/software/conda/envs/tensorflow/lib/python3.6/site-packages/tensorboard/compat/tensorflow_stub/dtypes.py:541: FutureWarning: Passing (type, 1) or '1type' as a synonym of type is deprecated; in a future version of numpy, it will be understood as (type, (1,)) / '(1,)type'.
  _np_qint8 = np.dtype([("qint8", np.int8, 1)])
/software/conda/envs/tensorflow/lib/python3.6/site-packages/tensorboard/compat/tensorflow_stub/dtypes.py:542: FutureWarning: Passing (type, 1) or '1type' as a synonym of type is deprecated; in a future version of numpy, it will be understood as (type, (1,)) / '(1,)type'.
  _np_quint8 = np.dtype([("quint8", np.uint8, 1)])
/software/conda/envs/tensorflow/lib/python3.6/site-packages/tensorboard/compat/tensorflow_stub/dtypes.py:543: FutureWarning: Passing (type, 1) or '1type' as a synonym of type is deprecated; in a future version of numpy, it will be understood as (type, (1,)) / '(1,)type'.
  _np_qint16 = np.dtype([("qint16", np.int16, 1)])
/software/conda/envs/tensorflow/lib/python3.6/site-packages/tensorboard/compat/tensorflow_stub/dtypes.py:544: FutureWarning: Passing (type, 1) or '1type' as a synonym of type is deprecated; in a future version of numpy, it will be understood as (type, (1,)) / '(1,)type'.
  _np_quint16 = np.dtype([("quint16", np.uint16, 1)])
/software/conda/envs/tensorflow/lib/python3.6/site-packages/tensorboard/compat/tensorflow_stub/dtypes.py:545: FutureWarning: Passing (type, 1) or '1type' as a synonym of type is deprecated; in a future version of numpy, it will be understood as (type, (1,)) / '(1,)type'.
  _np_qint32 = np.dtype([("qint32", np.int32, 1)])
/software/conda/envs/tensorflow/lib/python3.6/site-packages/tensorboard/compat/tensorflow_stub/dtypes.py:550: FutureWarning: Passing (type, 1) or '1type' as a synonym of type is deprecated; in a future version of numpy, it will be understood as (type, (1,)) / '(1,)type'.
  np_resource = np.dtype([("resource", np.ubyte, 1)])
DeprecationWarning: 'source deactivate' is deprecated. Use 'conda deactivate'.
